#0 building with "default" instance using docker driver

#1 [internal] load build definition from Dockerfile
#1 transferring dockerfile: 384B done
#1 DONE 0.0s

#2 [auth] library/eclipse-temurin:pull token for registry-1.docker.io
#2 DONE 0.0s

#3 [internal] load metadata for docker.io/library/eclipse-temurin:21-jre
#3 DONE 1.0s

#4 [internal] load .dockerignore
#4 transferring context: 2B done
#4 DONE 0.0s

#5 [internal] load build context
#5 transferring context: 141B done
#5 DONE 0.0s

#6 [1/3] FROM docker.io/library/eclipse-temurin:21-jre@sha256:4332b7939ba5b7fabde48f4da21ebe45a4f8943d5b3319720c321ac577e65fb1
#6 resolve docker.io/library/eclipse-temurin:21-jre@sha256:4332b7939ba5b7fabde48f4da21ebe45a4f8943d5b3319720c321ac577e65fb1 done
#6 sha256:f878172f1ac3121519dd1795c821097cda557a10d8ac4526d248f9fe1738b942 0B / 16.97MB 0.1s
#6 sha256:0b92fa77023f1881e077b68fb149d30aade157324fdc1181dacf19b57e1313b9 0B / 52.98MB 0.1s
#6 sha256:1321ce5b3e3ab111f1a88d34df69fbf748e96e3338e9f3d403b062e3e26d99d9 0B / 158B 0.1s
#6 sha256:4332b7939ba5b7fabde48f4da21ebe45a4f8943d5b3319720c321ac577e65fb1 7.18kB / 7.18kB done
#6 sha256:d665ca47131b82e94b17ec6b8d9ee72924268c509f9407a766ffe3d3defbaa32 1.94kB / 1.94kB done
#6 sha256:2e463b829a56f5f3a69c181b83f2cbb2a56b90df555c213716d5b3811f956be1 5.81kB / 5.81kB done
#6 sha256:1321ce5b3e3ab111f1a88d34df69fbf748e96e3338e9f3d403b062e3e26d99d9 158B / 158B 0.1s done
#6 sha256:4a0e444f3c26062a0908ef59f39a3b8894225b2faef3d5b877c11441d3a52713 0B / 2.28kB 0.2s
#6 sha256:0b92fa77023f1881e077b68fb149d30aade157324fdc1181dacf19b57e1313b9 16.78MB / 52.98MB 0.3s
#6 sha256:f878172f1ac3121519dd1795c821097cda557a10d8ac4526d248f9fe1738b942 16.97MB / 16.97MB 0.4s
#6 sha256:0b92fa77023f1881e077b68fb149d30aade157324fdc1181dacf19b57e1313b9 36.70MB / 52.98MB 0.4s
#6 sha256:4a0e444f3c26062a0908ef59f39a3b8894225b2faef3d5b877c11441d3a52713 2.28kB / 2.28kB 0.3s done
#6 sha256:0b92fa77023f1881e077b68fb149d30aade157324fdc1181dacf19b57e1313b9 52.98MB / 52.98MB 0.6s
#6 sha256:f878172f1ac3121519dd1795c821097cda557a10d8ac4526d248f9fe1738b942 16.97MB / 16.97MB 0.9s done
#6 sha256:0b92fa77023f1881e077b68fb149d30aade157324fdc1181dacf19b57e1313b9 52.98MB / 52.98MB 0.9s done
#6 extracting sha256:f878172f1ac3121519dd1795c821097cda557a10d8ac4526d248f9fe1738b942 0.1s
#6 extracting sha256:f878172f1ac3121519dd1795c821097cda557a10d8ac4526d248f9fe1738b942 0.6s done
#6 extracting sha256:0b92fa77023f1881e077b68fb149d30aade157324fdc1181dacf19b57e1313b9
#6 extracting sha256:0b92fa77023f1881e077b68fb149d30aade157324fdc1181dacf19b57e1313b9 0.9s done
#6 extracting sha256:1321ce5b3e3ab111f1a88d34df69fbf748e96e3338e9f3d403b062e3e26d99d9
#6 extracting sha256:1321ce5b3e3ab111f1a88d34df69fbf748e96e3338e9f3d403b062e3e26d99d9 done
#6 extracting sha256:4a0e444f3c26062a0908ef59f39a3b8894225b2faef3d5b877c11441d3a52713 done
#6 DONE 4.3s

#7 [2/3] WORKDIR /app
#7 DONE 0.0s

#8 [3/3] COPY target/*.jar app.jar
#8 DONE 0.3s

#9 exporting to image
#9 exporting layers
#9 exporting layers 0.3s done
#9 writing image sha256:8cbc88fc02ee4ec43a76ec2f2726b3c876f718d3011bef95ff9df1b5e8ab0faf done
#9 naming to docker.io/library/aialpha-sentiment:local done
#9 DONE 0.3s
